<?xml version="1.0" encoding="UTF-8"?>
<robot generator="Robot 7.3.2 (Python 3.10.12 on linux)" generated="2025-09-12T18:00:58.269111" rpa="false" schemaversion="5">
<suite id="s1" name="Workflow" source="/home/pc/Desktop/ERP-RPA/workflow.robot">
<test id="s1-t1" name="RPA Login Bot" line="49">
<kw name="Login To Website">
<kw name="Open Browser" owner="SeleniumLibrary">
<msg time="2025-09-12T18:00:58.412520" level="INFO">Opening browser 'Chrome' to base url 'http://slcloudpos.3em.tech'.</msg>
<arg>${URL}</arg>
<arg>${BROWSER}</arg>
<doc>Opens a new browser instance to the optional ``url``.</doc>
<status status="PASS" start="2025-09-12T18:00:58.412247" elapsed="6.822538"/>
</kw>
<kw name="Sleep" owner="BuiltIn">
<msg time="2025-09-12T18:01:15.235716" level="INFO">Slept 10 seconds.</msg>
<arg>10s</arg>
<doc>Pauses the test executed for the given time.</doc>
<status status="PASS" start="2025-09-12T18:01:05.235039" elapsed="10.001108"/>
</kw>
<kw name="Maximize Browser Window" owner="SeleniumLibrary">
<doc>Maximizes current browser window.</doc>
<status status="PASS" start="2025-09-12T18:01:15.236945" elapsed="0.175635"/>
</kw>
<kw name="Wait Until Element Is Visible" owner="SeleniumLibrary">
<arg>${USERNAME_ID}</arg>
<arg>10s</arg>
<doc>Waits until the element ``locator`` is visible.</doc>
<status status="PASS" start="2025-09-12T18:01:15.412862" elapsed="0.020518"/>
</kw>
<kw name="Input Text" owner="SeleniumLibrary">
<msg time="2025-09-12T18:01:15.434063" level="INFO">Typing text 'it@topsungroup.pk' into text field 'id=login_email'.</msg>
<arg>${USERNAME_ID}</arg>
<arg>${USERNAME}</arg>
<doc>Types the given ``text`` into the text field identified by ``locator``.</doc>
<status status="PASS" start="2025-09-12T18:01:15.433668" elapsed="0.196068"/>
</kw>
<kw name="Wait Until Element Is Visible" owner="SeleniumLibrary">
<arg>${PASSWORD_ID}</arg>
<arg>10s</arg>
<doc>Waits until the element ``locator`` is visible.</doc>
<status status="PASS" start="2025-09-12T18:01:15.630081" elapsed="0.018043"/>
</kw>
<kw name="Input Text" owner="SeleniumLibrary">
<msg time="2025-09-12T18:01:15.648807" level="INFO">Typing text 'Ba@leno99' into text field 'id=login_password'.</msg>
<arg>${PASSWORD_ID}</arg>
<arg>${PASSWORD}</arg>
<doc>Types the given ``text`` into the text field identified by ``locator``.</doc>
<status status="PASS" start="2025-09-12T18:01:15.648417" elapsed="0.130717"/>
</kw>
<kw name="Wait Until Element Is Visible" owner="SeleniumLibrary">
<arg>${LOGIN_BTN}</arg>
<arg>10s</arg>
<doc>Waits until the element ``locator`` is visible.</doc>
<status status="PASS" start="2025-09-12T18:01:15.779446" elapsed="0.027202"/>
</kw>
<kw name="Click Button" owner="SeleniumLibrary">
<msg time="2025-09-12T18:01:15.807294" level="INFO">Clicking button 'xpath=//button[@type='submit'][.//span[normalize-space(.)='Log in']]'.</msg>
<arg>${LOGIN_BTN}</arg>
<doc>Clicks the button identified by ``locator``.</doc>
<status status="PASS" start="2025-09-12T18:01:15.806897" elapsed="0.091089"/>
</kw>
<kw name="Sleep" owner="BuiltIn">
<msg time="2025-09-12T18:01:18.898678" level="INFO">Slept 3 seconds.</msg>
<arg>3s</arg>
<doc>Pauses the test executed for the given time.</doc>
<status status="PASS" start="2025-09-12T18:01:15.898252" elapsed="3.000778"/>
</kw>
<kw name="Page Should Contain" owner="SeleniumLibrary">
<msg time="2025-09-12T18:01:18.956222" level="INFO">Current page contains text 'Dashboard'.</msg>
<arg>${SUCCESS_TEXT}</arg>
<doc>Verifies that current page contains ``text``.</doc>
<status status="PASS" start="2025-09-12T18:01:18.899675" elapsed="0.056759"/>
</kw>
<kw name="Close Browser" owner="SeleniumLibrary">
<doc>Closes the current browser.</doc>
<status status="PASS" start="2025-09-12T18:01:18.956814" elapsed="0.062533"/>
</kw>
<doc>Open website and log in</doc>
<status status="PASS" start="2025-09-12T18:00:58.411509" elapsed="20.608004"/>
</kw>
<status status="PASS" start="2025-09-12T18:00:58.410677" elapsed="20.609071"/>
</test>
<status status="PASS" start="2025-09-12T18:00:58.270088" elapsed="20.750156"/>
</suite>
<statistics>
<total>
<stat pass="1" fail="0" skip="0">All Tests</stat>
</total>
<tag>
</tag>
<suite>
<stat name="Workflow" id="s1" pass="1" fail="0" skip="0">Workflow</stat>
</suite>
</statistics>
<errors>
<msg time="2025-09-12T18:00:58.408276" level="WARN">Imported resource file '/home/pc/Desktop/ERP-RPA/po_flow.robot' is empty.</msg>
<msg time="2025-09-12T18:00:58.409282" level="WARN">Imported resource file '/home/pc/Desktop/ERP-RPA/voucher_flow.robot' is empty.</msg>
<msg time="2025-09-12T18:00:58.409716" level="WARN">Imported resource file '/home/pc/Desktop/ERP-RPA/grn_flow.robot' is empty.</msg>
<msg time="2025-09-12T18:00:58.410037" level="WARN">Imported resource file '/home/pc/Desktop/ERP-RPA/bill_flow.robot' is empty.</msg>
</errors>
</robot>
